[2025-08-24 12:23:10,025: INFO: common: yaml file: config/config.yaml loaded successfully]
[2025-08-24 12:23:10,026: INFO: common: yaml file: params.yaml loaded successfully]
[2025-08-24 12:23:10,027: INFO: common: created directory at: artifacts]
[2025-08-24 12:23:25,051: INFO: common: yaml file: config/config.yaml loaded successfully]
[2025-08-24 12:23:25,052: INFO: common: yaml file: params.yaml loaded successfully]
[2025-08-24 12:23:25,053: INFO: common: created directory at: artifacts]
[2025-08-24 12:24:59,953: INFO: common: yaml file: config/config.yaml loaded successfully]
[2025-08-24 12:24:59,954: INFO: common: yaml file: params.yaml loaded successfully]
[2025-08-24 12:24:59,955: INFO: common: created directory at: artifacts]
[2025-08-24 12:26:04,327: INFO: common: yaml file: config/config.yaml loaded successfully]
[2025-08-24 12:26:04,328: INFO: common: yaml file: params.yaml loaded successfully]
[2025-08-24 12:26:04,329: INFO: common: created directory at: artifacts]
[2025-08-24 12:27:01,596: INFO: common: yaml file: config/config.yaml loaded successfully]
[2025-08-24 12:27:01,597: INFO: common: yaml file: params.yaml loaded successfully]
[2025-08-24 12:27:01,597: INFO: common: created directory at: artifacts]
[2025-08-24 12:27:48,004: INFO: common: yaml file: config/config.yaml loaded successfully]
[2025-08-24 12:27:48,005: INFO: common: yaml file: params.yaml loaded successfully]
[2025-08-24 12:27:48,006: INFO: common: created directory at: artifacts]
[2025-08-24 12:29:16,402: INFO: common: yaml file: config/config.yaml loaded successfully]
[2025-08-24 12:29:16,403: INFO: common: yaml file: params.yaml loaded successfully]
[2025-08-24 12:29:16,404: INFO: common: created directory at: artifacts]
[2025-08-24 12:30:03,253: INFO: common: yaml file: config/config.yaml loaded successfully]
[2025-08-24 12:30:03,254: INFO: common: yaml file: params.yaml loaded successfully]
[2025-08-24 12:30:03,255: INFO: common: created directory at: artifacts]
[2025-08-24 12:30:12,379: INFO: common: yaml file: config/config.yaml loaded successfully]
[2025-08-24 12:30:12,381: INFO: common: yaml file: params.yaml loaded successfully]
[2025-08-24 12:30:12,382: INFO: common: created directory at: artifacts]
[2025-08-24 12:32:15,049: INFO: common: yaml file: config/config.yaml loaded successfully]
[2025-08-24 12:32:15,051: INFO: common: yaml file: params.yaml loaded successfully]
[2025-08-24 12:32:15,052: INFO: common: created directory at: artifacts]
[2025-08-24 12:35:14,228: INFO: common: yaml file: config/config.yaml loaded successfully]
[2025-08-24 12:35:14,230: INFO: common: yaml file: params.yaml loaded successfully]
[2025-08-24 12:35:14,231: INFO: common: created directory at: artifacts]
[2025-08-24 12:35:14,232: INFO: common: created directory at: artifacts/data_ingestion]
[2025-08-24 12:35:15,453: INFO: 227420655: File is downloaded]
[2025-08-24 12:36:38,818: INFO: common: yaml file: config/config.yaml loaded successfully]
[2025-08-24 12:36:38,821: INFO: common: yaml file: params.yaml loaded successfully]
[2025-08-24 12:36:38,822: INFO: common: created directory at: artifacts]
[2025-08-24 12:36:38,823: INFO: common: created directory at: artifacts/data_ingestion]
[2025-08-24 12:36:38,823: INFO: 227420655: File already exits]
[2025-08-24 12:36:49,727: INFO: common: yaml file: config/config.yaml loaded successfully]
[2025-08-24 12:36:49,729: INFO: common: yaml file: params.yaml loaded successfully]
[2025-08-24 12:36:49,730: INFO: common: created directory at: artifacts]
[2025-08-24 12:36:49,731: INFO: common: created directory at: artifacts/data_ingestion]
[2025-08-24 12:36:49,732: INFO: 227420655: File already exits]
[2025-08-24 12:37:02,019: INFO: common: yaml file: config/config.yaml loaded successfully]
[2025-08-24 12:37:02,021: INFO: common: yaml file: params.yaml loaded successfully]
[2025-08-24 12:37:02,022: INFO: common: created directory at: artifacts]
[2025-08-24 12:37:02,023: INFO: common: created directory at: artifacts/data_ingestion]
[2025-08-24 12:37:03,165: INFO: 227420655: File is downloaded]
[2025-08-24 12:48:22,547: INFO: main: stage Data Ingestion Stage initiated]
[2025-08-24 12:48:22,548: INFO: common: yaml file: config/config.yaml loaded successfully]
[2025-08-24 12:48:22,548: INFO: common: yaml file: params.yaml loaded successfully]
[2025-08-24 12:48:22,548: INFO: common: created directory at: artifacts]
[2025-08-24 12:48:22,548: INFO: common: created directory at: artifacts/data_ingestion]
[2025-08-24 12:48:23,608: INFO: data_ingestion: File is downloaded]
[2025-08-24 12:48:23,688: INFO: main: Stage Data Ingestion Stage Completed]
[2025-08-24 13:19:55,337: INFO: common: yaml file: config/config.yaml loaded successfully]
[2025-08-24 13:19:55,339: INFO: common: yaml file: params.yaml loaded successfully]
[2025-08-24 13:19:55,340: INFO: common: created directory at: artifacts]
[2025-08-24 13:19:55,341: INFO: common: created directory at: artifacts/data_transformation]
[2025-08-24 13:31:59,245: INFO: main: stage Data Ingestion Stage initiated]
[2025-08-24 13:31:59,246: INFO: common: yaml file: config/config.yaml loaded successfully]
[2025-08-24 13:31:59,247: INFO: common: yaml file: params.yaml loaded successfully]
[2025-08-24 13:31:59,247: INFO: common: created directory at: artifacts]
[2025-08-24 13:31:59,247: INFO: common: created directory at: artifacts/data_ingestion]
[2025-08-24 13:31:59,247: INFO: data_ingestion: File already exits]
[2025-08-24 13:31:59,306: INFO: main: Stage Data Ingestion Stage Completed]
[2025-08-24 13:31:59,306: INFO: main: stage Data Transformation Stage initiated]
[2025-08-24 13:31:59,307: INFO: common: yaml file: config/config.yaml loaded successfully]
[2025-08-24 13:31:59,307: INFO: common: yaml file: params.yaml loaded successfully]
[2025-08-24 13:31:59,307: INFO: common: created directory at: artifacts]
[2025-08-24 13:31:59,307: INFO: common: created directory at: artifacts/data_transformation]
[2025-08-24 13:32:02,081: INFO: main: Stage Data Transformation Stage Completed]
[2025-08-24 13:53:51,537: INFO: common: yaml file: config/config.yaml loaded successfully]
[2025-08-24 13:53:51,539: INFO: common: yaml file: params.yaml loaded successfully]
[2025-08-24 13:53:51,540: INFO: common: created directory at: artifacts]
[2025-08-24 13:53:51,540: INFO: common: created directory at: artifacts/model_trainer]
[2025-08-24 13:56:23,893: INFO: common: yaml file: config/config.yaml loaded successfully]
[2025-08-24 13:56:23,895: INFO: common: yaml file: params.yaml loaded successfully]
[2025-08-24 13:56:23,896: INFO: common: created directory at: artifacts]
[2025-08-24 13:56:23,896: INFO: common: created directory at: artifacts/model_trainer]
[2025-08-24 13:58:55,086: INFO: common: yaml file: config/config.yaml loaded successfully]
[2025-08-24 13:58:55,090: INFO: common: yaml file: params.yaml loaded successfully]
[2025-08-24 13:58:55,092: INFO: common: created directory at: artifacts]
[2025-08-24 13:58:55,093: INFO: common: created directory at: artifacts/model_trainer]
[2025-08-24 14:00:41,605: INFO: common: yaml file: config/config.yaml loaded successfully]
[2025-08-24 14:00:41,607: INFO: common: yaml file: params.yaml loaded successfully]
[2025-08-24 14:00:41,607: INFO: common: created directory at: artifacts]
[2025-08-24 14:00:41,608: INFO: common: created directory at: artifacts/model_trainer]
[2025-08-24 14:01:04,421: INFO: common: yaml file: config/config.yaml loaded successfully]
[2025-08-24 14:01:04,423: INFO: common: yaml file: params.yaml loaded successfully]
[2025-08-24 14:01:04,424: INFO: common: created directory at: artifacts]
[2025-08-24 14:01:04,424: INFO: common: created directory at: artifacts/model_trainer]
[2025-08-24 14:06:22,298: INFO: common: yaml file: config/config.yaml loaded successfully]
[2025-08-24 14:06:22,300: INFO: common: yaml file: params.yaml loaded successfully]
[2025-08-24 14:06:22,301: INFO: common: created directory at: artifacts]
[2025-08-24 14:06:22,301: INFO: common: created directory at: artifacts/model_trainer]
[2025-08-24 14:07:04,857: INFO: common: yaml file: config/config.yaml loaded successfully]
[2025-08-24 14:07:04,859: INFO: common: yaml file: params.yaml loaded successfully]
[2025-08-24 14:07:04,860: INFO: common: created directory at: artifacts]
[2025-08-24 14:07:04,860: INFO: common: created directory at: artifacts/model_trainer]
[2025-08-24 14:08:40,677: INFO: common: yaml file: config/config.yaml loaded successfully]
[2025-08-24 14:08:40,679: INFO: common: yaml file: params.yaml loaded successfully]
[2025-08-24 14:08:40,680: INFO: common: created directory at: artifacts]
[2025-08-24 14:08:40,681: INFO: common: created directory at: artifacts/model_trainer]
[2025-08-24 14:09:37,619: INFO: common: yaml file: config/config.yaml loaded successfully]
[2025-08-24 14:09:37,621: INFO: common: yaml file: params.yaml loaded successfully]
[2025-08-24 14:09:37,621: INFO: common: created directory at: artifacts]
[2025-08-24 14:09:37,622: INFO: common: created directory at: artifacts/model_trainer]
[2025-08-24 14:10:03,222: INFO: common: yaml file: config/config.yaml loaded successfully]
[2025-08-24 14:10:03,224: INFO: common: yaml file: params.yaml loaded successfully]
[2025-08-24 14:10:03,224: INFO: common: created directory at: artifacts]
[2025-08-24 14:10:03,225: INFO: common: created directory at: artifacts/model_trainer]
[2025-08-24 14:10:58,081: INFO: common: yaml file: config/config.yaml loaded successfully]
[2025-08-24 14:10:58,083: INFO: common: yaml file: params.yaml loaded successfully]
[2025-08-24 14:10:58,083: INFO: common: created directory at: artifacts]
[2025-08-24 14:10:58,084: INFO: common: created directory at: artifacts/model_trainer]
[2025-08-24 14:11:37,150: INFO: common: yaml file: config/config.yaml loaded successfully]
[2025-08-24 14:11:37,152: INFO: common: yaml file: params.yaml loaded successfully]
[2025-08-24 14:11:37,152: INFO: common: created directory at: artifacts]
[2025-08-24 14:11:37,153: INFO: common: created directory at: artifacts/model_trainer]
[2025-08-24 14:17:28,979: INFO: common: yaml file: config/config.yaml loaded successfully]
[2025-08-24 14:17:28,982: INFO: common: yaml file: params.yaml loaded successfully]
[2025-08-24 14:17:28,982: INFO: common: created directory at: artifacts]
[2025-08-24 14:17:28,983: INFO: common: created directory at: artifacts/model_trainer]
[2025-08-24 14:18:43,183: INFO: common: yaml file: config/config.yaml loaded successfully]
[2025-08-24 14:18:43,185: INFO: common: yaml file: params.yaml loaded successfully]
[2025-08-24 14:18:43,185: INFO: common: created directory at: artifacts]
[2025-08-24 14:18:43,186: INFO: common: created directory at: artifacts/model_trainer]
[2025-08-24 15:05:27,286: INFO: main: stage Data Ingestion Stage initiated]
[2025-08-24 15:05:27,287: INFO: common: yaml file: config/config.yaml loaded successfully]
[2025-08-24 15:05:27,288: INFO: common: yaml file: params.yaml loaded successfully]
[2025-08-24 15:05:27,288: INFO: common: created directory at: artifacts]
[2025-08-24 15:05:27,288: INFO: common: created directory at: artifacts/data_ingestion]
[2025-08-24 15:05:27,288: INFO: data_ingestion: File already exits]
[2025-08-24 15:05:27,348: INFO: main: Stage Data Ingestion Stage Completed]
[2025-08-24 15:05:27,348: INFO: main: stage Data Transformation Stage initiated]
[2025-08-24 15:05:27,349: INFO: common: yaml file: config/config.yaml loaded successfully]
[2025-08-24 15:05:27,349: INFO: common: yaml file: params.yaml loaded successfully]
[2025-08-24 15:05:27,350: INFO: common: created directory at: artifacts]
[2025-08-24 15:05:27,350: INFO: common: created directory at: artifacts/data_transformation]
[2025-08-24 15:05:29,084: INFO: main: Stage Data Transformation Stage Completed]
[2025-08-24 15:05:29,084: INFO: main: stage Model Training Stage initiated]
[2025-08-24 15:05:29,085: INFO: common: yaml file: config/config.yaml loaded successfully]
[2025-08-24 15:05:29,085: INFO: common: yaml file: params.yaml loaded successfully]
[2025-08-24 15:05:29,085: INFO: common: created directory at: artifacts]
[2025-08-24 15:05:29,085: ERROR: main: 'ConfigurationManager' object has no attribute 'params']
Traceback (most recent call last):
  File "/Users/vatsal/Machine Learning/MLOPS/Multilingual_Summarizer/main.py", line 32, in <module>
    model_trainer_pipeline.initiate_model_training()
  File "/Users/vatsal/Machine Learning/MLOPS/Multilingual_Summarizer/src/MultilingualSummarizer/pipeline/model_trainer_pipeline.py", line 12, in initiate_model_training
    model_trainer_config = config.get_model_trainer_config()
  File "/Users/vatsal/Machine Learning/MLOPS/Multilingual_Summarizer/src/MultilingualSummarizer/config/configuration.py", line 44, in get_model_trainer_config
    params=self.params.TrainingArguments
AttributeError: 'ConfigurationManager' object has no attribute 'params'
[2025-08-24 15:10:06,003: INFO: main: stage Data Ingestion Stage initiated]
[2025-08-24 15:10:06,004: INFO: common: yaml file: config/config.yaml loaded successfully]
[2025-08-24 15:10:06,005: INFO: common: yaml file: params.yaml loaded successfully]
[2025-08-24 15:10:06,005: INFO: common: created directory at: artifacts]
[2025-08-24 15:10:06,005: INFO: common: created directory at: artifacts/data_ingestion]
[2025-08-24 15:10:06,005: INFO: data_ingestion: File already exits]
[2025-08-24 15:10:06,066: INFO: main: Stage Data Ingestion Stage Completed]
[2025-08-24 15:10:06,066: INFO: main: stage Data Transformation Stage initiated]
[2025-08-24 15:10:06,066: INFO: common: yaml file: config/config.yaml loaded successfully]
[2025-08-24 15:10:06,067: INFO: common: yaml file: params.yaml loaded successfully]
[2025-08-24 15:10:06,067: INFO: common: created directory at: artifacts]
[2025-08-24 15:10:06,067: INFO: common: created directory at: artifacts/data_transformation]
[2025-08-24 15:10:07,639: INFO: main: Stage Data Transformation Stage Completed]
[2025-08-24 15:10:07,639: INFO: main: stage Model Training Stage initiated]
[2025-08-24 15:10:07,640: INFO: common: yaml file: config/config.yaml loaded successfully]
[2025-08-24 15:10:07,641: INFO: common: yaml file: params.yaml loaded successfully]
[2025-08-24 15:10:07,641: INFO: common: created directory at: artifacts]
[2025-08-24 15:10:07,641: INFO: common: created directory at: artifacts/model_trainer]
[2025-08-24 15:10:11,083: INFO: main: Stage Model Training Stage Completed]
